<?xml version="1.0" encoding="UTF-8"?>
<!-- Generated by org.testng.reporters.JUnitXMLReporter -->
<testsuite hostname="BDC4-D-1SV2N62" ignored="0" name="Test@IE" tests="3" failures="0" timestamp="11 Feb 2019 05:24:28 GMT" time="32.094" errors="0">
  <testcase name="testDemoWebShopLogin" time="8.024" classname="seleniumadvanced.demos.seleniumday1.TestLoginDemoWebShop3"/>
  <testcase name="testDemoWebShopLogin" time="7.508" classname="seleniumadvanced.demos.seleniumday1.TestLoginDemoWebShop3"/>
  <testcase name="testDemoWebShopLogin" time="7.448" classname="seleniumadvanced.demos.seleniumday1.TestLoginDemoWebShop3"/>
</testsuite> <!-- Test@IE -->
