<?xml version="1.0" encoding="UTF-8"?>
<!-- Generated by org.testng.reporters.JUnitXMLReporter -->
<testsuite hostname="BDC4-D-1SV2N62" ignored="1" name="Testchrome" tests="1" failures="0" timestamp="08 Feb 2019 10:02:57 GMT" time="32.195" errors="0">
  <testcase name="testAjax1" time="32.149" classname="seleniumadvanced.demos.seleniumday1.TestAjax1"/>
  <testcase name="testCities" time="0.0" classname="seleniumadvanced.demos.seleniumday1.Testcity">
    <ignored/>
  </testcase> <!-- testCities -->
</testsuite> <!-- Testchrome -->
