<?xml version="1.0" encoding="UTF-8"?>
<!-- Generated by org.testng.reporters.JUnitXMLReporter -->
<testsuite hostname="BDC4-D-1SV2N62" ignored="0" name="TestIE" tests="3" failures="0" timestamp="08 Feb 2019 09:40:44 GMT" time="33.047" errors="0">
  <testcase name="testDemoWebShopLogin" time="8.956" classname="seleniumadvanced.demos.seleniumday1.TestLoginDemoWebShop2"/>
  <testcase name="testDemoWebShopLogin" time="7.909" classname="seleniumadvanced.demos.seleniumday1.TestLoginDemoWebShop2"/>
  <testcase name="testDemoWebShopLogin" time="6.45" classname="seleniumadvanced.demos.seleniumday1.TestLoginDemoWebShop2"/>
</testsuite> <!-- TestIE -->
