<?xml version="1.0" encoding="UTF-8"?>
<!-- Generated by org.testng.reporters.JUnitXMLReporter -->
<testsuite hostname="BDC4-D-1SV2N62" ignored="0" name="Testchrome" tests="3" failures="0" timestamp="11 Feb 2019 05:23:55 GMT" time="24.367" errors="0">
  <testcase name="testDemoWebShopLogin" time="3.697" classname="seleniumadvanced.demos.seleniumday1.TestLoginDemoWebShop3"/>
  <testcase name="testDemoWebShopLogin" time="3.092" classname="seleniumadvanced.demos.seleniumday1.TestLoginDemoWebShop3"/>
  <testcase name="testDemoWebShopLogin" time="3.193" classname="seleniumadvanced.demos.seleniumday1.TestLoginDemoWebShop3"/>
</testsuite> <!-- Testchrome -->
