<?xml version="1.0" encoding="UTF-8"?>
<testng-results skipped="0" failed="0" ignored="1" total="2" passed="1">
  <reporter-output>
  </reporter-output>
  <suite name="Suite" duration-ms="32195" started-at="2019-02-08T10:02:25Z" finished-at="2019-02-08T10:02:57Z">
    <groups>
      <group name="actions1">
        <method signature="TestAjax1.testAjax1()[pri:0, instance:seleniumadvanced.demos.seleniumday1.TestAjax1@61832929]" name="testAjax1" class="seleniumadvanced.demos.seleniumday1.TestAjax1"/>
      </group> <!-- actions1 -->
      <group name="actions2">
        <method signature="TestAjax1.testAjax1()[pri:0, instance:seleniumadvanced.demos.seleniumday1.TestAjax1@61832929]" name="testAjax1" class="seleniumadvanced.demos.seleniumday1.TestAjax1"/>
      </group> <!-- actions2 -->
    </groups>
    <test name="Testchrome" duration-ms="32195" started-at="2019-02-08T10:02:25Z" finished-at="2019-02-08T10:02:57Z">
      <class name="seleniumadvanced.demos.seleniumday1.TestAjax1">
        <test-method status="PASS" signature="testAjax1()[pri:0, instance:seleniumadvanced.demos.seleniumday1.TestAjax1@61832929]" name="testAjax1" duration-ms="32149" started-at="2019-02-08T10:02:25Z" finished-at="2019-02-08T10:02:57Z">
          <reporter-output>
          </reporter-output>
        </test-method> <!-- testAjax1 -->
      </class> <!-- seleniumadvanced.demos.seleniumday1.TestAjax1 -->
    </test> <!-- Testchrome -->
  </suite> <!-- Suite -->
</testng-results>
